<?xml version="1.0" encoding="UTF-8"?>
<!-- Generated by org.testng.reporters.JUnitReportReporter -->
<testsuite hostname="DESKTOP-GU79SKV" failures="0" tests="1" name="com.Boodmo.BasicTest" time="2.014" errors="0" timestamp="2022-08-27T20:46:54 IST" skipped="0">
  <testcase classname="com.Boodmo.BasicTest" name="testHomePageDisplayed" time="2.014"/>
  <system-out/>
</testsuite> <!-- com.Boodmo.BasicTest -->
